<?xml version="1.0" encoding="utf-8" standalone="no"?>
<!--This file represents the results of running a test suite-->
<test-results name="C:\innit\FilmScanner\FilmScanner.Test\bin\Debug\FilmScanner.Test.dll" total="1" errors="0" failures="0" not-run="0" inconclusive="0" ignored="0" skipped="0" invalid="0" date="2015-10-26" time="17:18:59">
  <environment nunit-version="2.6.4.14350" clr-version="2.0.50727.5485" os-version="Microsoft Windows NT 6.1.7601 Service Pack 1" platform="Win32NT" cwd="C:\innit\FilmScanner\OpenCover\31842569-70a8-473e-86e8-6085c572c3a9" machine-name="LENOVO-VIOLET" user="david.gwynnjones" user-domain="lenovo-violet" />
  <culture-info current-culture="en-AU" current-uiculture="en-US" />
  <test-suite type="Assembly" name="C:\innit\FilmScanner\FilmScanner.Test\bin\Debug\FilmScanner.Test.dll" executed="True" result="Success" success="True" time="0.138" asserts="0">
    <results>
      <test-suite type="Namespace" name="FilmScanner" executed="True" result="Success" success="True" time="0.131" asserts="0">
        <results>
          <test-suite type="Namespace" name="Test" executed="True" result="Success" success="True" time="0.131" asserts="0">
            <results>
              <test-suite type="TestFixture" name="FilmCalcTests" executed="True" result="Success" success="True" time="0.130" asserts="0">
                <results>
                  <test-case name="FilmScanner.Test.FilmCalcTests.TimeSpanTest" executed="True" result="Success" success="True" time="0.103" asserts="3" />
                </results>
              </test-suite>
            </results>
          </test-suite>
        </results>
      </test-suite>
    </results>
  </test-suite>
</test-results>